<?xml version="1.0" encoding="UTF-8"?>
<!-- Generated by org.testng.reporters.JUnitXMLReporter -->
<testsuite hostname="JKTLPLS009" ignored="1" name="Test1" tests="2" failures="0" timestamp="2020-09-14T14:29:16 IST" time="47.262" errors="0">
  <testcase name="testPage" time="9.956" classname="test.TestNG"/>
  <testcase name="testPage3" time="27.532" classname="test.TestNG2"/>
  <testcase name="testPage2" time="0.0" classname="test.TestNG2">
    <ignored/>
  </testcase> <!-- testPage2 -->
</testsuite> <!-- Test1 -->
