<?xml version="1.0" encoding="UTF-8"?>
<!-- Generated by org.testng.reporters.JUnitXMLReporter -->
<testsuite hostname="JKTNOLPLS009" ignored="1" name="Test2" tests="2" failures="0" timestamp="2020-10-06T12:21:45 IST" time="0.118" errors="0">
  <testcase name="test1" time="0.015" classname="Listners.ListenersDemo"/>
  <testcase name="test3" time="0.005" classname="Listners.ListenersDemo">
    <skipped/>
  </testcase> <!-- test3 -->
  <testcase name="test2" time="0.0" classname="Listners.ListenersDemo">
    <ignored/>
  </testcase> <!-- test2 -->
</testsuite> <!-- Test2 -->
